# JRE version: OpenJDK Runtime Environment Corretto-18.0.2.9.1 (18.0.2+9) (build 18.0.2+9-FR)
# Java VM: OpenJDK 64-Bit Server VM Corretto-18.0.2.9.1 (18.0.2+9-FR, mixed mode, sharing, tiered, compressed oops, compressed class ptrs, g1 gc, windows-amd64)
GC Precious Log:
 CardTable entry size: 512
 Card Set container configuration: InlinePtr #cards 4 size 8 Array Of Cards #cards 16 size 48 Howl #buckets 8 coarsen threshold 3686 Howl Bitmap #cards 512 size 80 coarsen threshold 460 Card regions per heap region 1 cards per card region 4096
 CPUs: 16 total, 16 available
 Memory: 16295M
 Large Page Support: Disabled
 NUMA Support: Disabled
 Compressed Oops: Enabled (Zero based)
 Heap Region Size: 2M
 Heap Min Capacity: 8M
 Heap Initial Capacity: 256M
 Heap Max Capacity: 4074M
 Pre-touch: Disabled
 Parallel Workers: 13
 Concurrent Workers: 3
 Concurrent Refinement Workers: 13
 Periodic GC: Disabled
Heap:
 garbage-first heap   total 55296K, used 32124K [0x0000000701600000, 0x0000000800000000)
  region size 2048K, 8 young (16384K), 1 survivors (2048K)
 Metaspace       used 38709K, committed 38976K, reserved 1114112K
  class space    used 4265K, committed 4416K, reserved 1048576K
GC Heap History (14 events):
Event: 0.526 GC heap before
{Heap before GC invocations=0 (full 0):
 garbage-first heap   total 262144K, used 20480K [0x0000000701600000, 0x0000000800000000)
  region size 2048K, 11 young (22528K), 0 survivors (0K)
 Metaspace       used 7261K, committed 7488K, reserved 1114112K
  class space    used 627K, committed 704K, reserved 1048576K
}
Event: 0.529 GC heap after
{Heap after GC invocations=1 (full 0):
 garbage-first heap   total 262144K, used 4637K [0x0000000701600000, 0x0000000800000000)
  region size 2048K, 2 young (4096K), 2 survivors (4096K)
 Metaspace       used 7261K, committed 7488K, reserved 1114112K
  class space    used 627K, committed 704K, reserved 1048576K
}
Event: 1.047 GC heap before
{Heap before GC invocations=1 (full 0):
 garbage-first heap   total 262144K, used 33309K [0x0000000701600000, 0x0000000800000000)
  region size 2048K, 17 young (34816K), 2 survivors (4096K)
 Metaspace       used 16770K, committed 17024K, reserved 1114112K
  class space    used 1729K, committed 1856K, reserved 1048576K
}
Event: 1.051 GC heap after
{Heap after GC invocations=2 (full 0):
 garbage-first heap   total 262144K, used 11398K [0x0000000701600000, 0x0000000800000000)
  region size 2048K, 3 young (6144K), 3 survivors (6144K)
 Metaspace       used 16770K, committed 17024K, reserved 1114112K
  class space    used 1729K, committed 1856K, reserved 1048576K
}
Event: 1.261 GC heap before
{Heap before GC invocations=2 (full 0):
 garbage-first heap   total 262144K, used 27782K [0x0000000701600000, 0x0000000800000000)
  region size 2048K, 12 young (24576K), 3 survivors (6144K)
 Metaspace       used 21297K, committed 21504K, reserved 1114112K
  class space    used 2339K, committed 2432K, reserved 1048576K
}
Event: 1.264 GC heap after
{Heap after GC invocations=3 (full 0):
 garbage-first heap   total 262144K, used 11371K [0x0000000701600000, 0x0000000800000000)
  region size 2048K, 2 young (4096K), 2 survivors (4096K)
 Metaspace       used 21297K, committed 21504K, reserved 1114112K
  class space    used 2339K, committed 2432K, reserved 1048576K
}
Event: 5.701 GC heap before
{Heap before GC invocations=4 (full 0):
 garbage-first heap   total 55296K, used 40043K [0x0000000701600000, 0x0000000800000000)
  region size 2048K, 16 young (32768K), 2 survivors (4096K)
 Metaspace       used 30019K, committed 30272K, reserved 1114112K
  class space    used 3313K, committed 3456K, reserved 1048576K
}
Event: 5.704 GC heap after
{Heap after GC invocations=5 (full 0):
 garbage-first heap   total 55296K, used 15845K [0x0000000701600000, 0x0000000800000000)
  region size 2048K, 2 young (4096K), 2 survivors (4096K)
 Metaspace       used 30019K, committed 30272K, reserved 1114112K
  class space    used 3313K, committed 3456K, reserved 1048576K
}
Event: 5.725 GC heap before
{Heap before GC invocations=5 (full 0):
 garbage-first heap   total 55296K, used 17893K [0x0000000701600000, 0x0000000800000000)
  region size 2048K, 3 young (6144K), 2 survivors (4096K)
 Metaspace       used 30459K, committed 30656K, reserved 1114112K
  class space    used 3374K, committed 3456K, reserved 1048576K
}
Event: 5.727 GC heap after
{Heap after GC invocations=6 (full 0):
 garbage-first heap   total 55296K, used 16569K [0x0000000701600000, 0x0000000800000000)
  region size 2048K, 1 young (2048K), 1 survivors (2048K)
 Metaspace       used 30459K, committed 30656K, reserved 1114112K
  class space    used 3374K, committed 3456K, reserved 1048576K
}
Event: 10.335 GC heap before
{Heap before GC invocations=6 (full 0):
 garbage-first heap   total 55296K, used 37049K [0x0000000701600000, 0x0000000800000000)
  region size 2048K, 10 young (20480K), 1 survivors (2048K)
 Metaspace       used 33219K, committed 33536K, reserved 1114112K
  class space    used 3668K, committed 3840K, reserved 1048576K
}
Event: 10.336 GC heap after
{Heap after GC invocations=7 (full 0):
 garbage-first heap   total 55296K, used 21364K [0x0000000701600000, 0x0000000800000000)
  region size 2048K, 2 young (4096K), 2 survivors (4096K)
 Metaspace       used 33219K, committed 33536K, reserved 1114112K
  class space    used 3668K, committed 3840K, reserved 1048576K
}
Event: 10.559 GC heap before
{Heap before GC invocations=7 (full 0):
 garbage-first heap   total 55296K, used 39796K [0x0000000701600000, 0x0000000800000000)
  region size 2048K, 10 young (20480K), 2 survivors (4096K)
 Metaspace       used 35724K, committed 35968K, reserved 1114112K
  class space    used 3935K, committed 4096K, reserved 1048576K
}
Event: 10.561 GC heap after
{Heap after GC invocations=8 (full 0):
 garbage-first heap   total 55296K, used 19836K [0x0000000701600000, 0x0000000800000000)
  region size 2048K, 1 young (2048K), 1 survivors (2048K)
 Metaspace       used 35724K, committed 35968K, reserved 1114112K
  class space    used 3935K, committed 4096K, reserved 1048576K
}

